<?xml version="1.0" encoding="UTF-8"?>
<!DOCTYPE suite SYSTEM "http://testng.org/testng-1.0.dtd">
<suite name="Full Regression Test Suite">
    <!-- UNIT TESTS -->
    <suite-files>
        <suite-file path="./unit-test-suite.xml" />
    </suite-files>
    <!-- INTEGRATION TESTS -->
    <suite-files>
        <suite-file path="./integration-test-suite.xml" />
    </suite-files>
</suite>
